<?xml version="1.0" encoding="UTF-8"?>
<!-- Generated by org.testng.reporters.JUnitXMLReporter -->
<testsuite ignored="0" hostname="MBP-2FG84HMD6M-1928.local" failures="0" tests="9" name="Command line test" time="0.028" errors="0" timestamp="20 5月 2025 09:03:24 GMT">
  <testcase classname="TestTest" name="test1" time="0.002"/>
  <testcase classname="TestTest" name="test11" time="0.001"/>
  <testcase classname="TestTest" name="test2" time="0.0"/>
  <testcase classname="TestTest4" name="testD03" time="0.001"/>
  <testcase classname="TestTest4" name="testD04" time="0.0"/>
  <testcase classname="TestTest4" name="testD05" time="0.001"/>
  <testcase classname="TestTest3" name="testC03" time="0.001"/>
  <testcase classname="TestTest3" name="testC04" time="0.0"/>
  <testcase classname="TestTest3" name="testC05" time="0.001"/>
</testsuite> <!-- Command line test -->
