<?xml version="1.0" encoding="UTF-8"?>
<testng-results ignored="0" total="9" passed="9" failed="0" skipped="0">
  <reporter-output>
  </reporter-output>
  <suite started-at="2025-05-20T09:03:19Z" name="Command line suite" finished-at="2025-05-20T09:03:19Z" duration-ms="28">
    <groups>
      <group name="group2">
        <method signature="TestTest.test2()[pri:0, instance:TestTest@1c3a4799]" name="test2" class="TestTest"/>
        <method signature="TestTest3.testC05()[pri:0, instance:TestTest3@131276c2]" name="testC05" class="TestTest3"/>
        <method signature="TestTest4.testD05()[pri:0, instance:TestTest4@26aa12dd]" name="testD05" class="TestTest4"/>
      </group> <!-- group2 -->
      <group name="group1">
        <method signature="TestTest.test1()[pri:0, instance:TestTest@1c3a4799]" name="test1" class="TestTest"/>
        <method signature="TestTest.test11()[pri:0, instance:TestTest@1c3a4799]" name="test11" class="TestTest"/>
        <method signature="TestTest3.testC03()[pri:0, instance:TestTest3@131276c2]" name="testC03" class="TestTest3"/>
        <method signature="TestTest3.testC04()[pri:0, instance:TestTest3@131276c2]" name="testC04" class="TestTest3"/>
        <method signature="TestTest4.testD03()[pri:0, instance:TestTest4@26aa12dd]" name="testD03" class="TestTest4"/>
        <method signature="TestTest4.testD04()[pri:0, instance:TestTest4@26aa12dd]" name="testD04" class="TestTest4"/>
      </group> <!-- group1 -->
    </groups>
    <test started-at="2025-05-20T09:03:19Z" name="Command line test" finished-at="2025-05-20T09:03:19Z" duration-ms="28">
      <class name="TestTest3">
        <test-method is-config="true" signature="beforeGroups()[pri:0, instance:TestTest3@131276c2]" started-at="2025-05-20T17:03:19Z" name="beforeGroups" finished-at="2025-05-20T17:03:19Z" duration-ms="0" status="PASS">
          <reporter-output>
          </reporter-output>
        </test-method> <!-- beforeGroups -->
        <test-method is-config="true" signature="beforeClass()[pri:0, instance:TestTest3@131276c2]" started-at="2025-05-20T17:03:19Z" name="beforeClass" finished-at="2025-05-20T17:03:19Z" duration-ms="1" status="PASS">
          <reporter-output>
          </reporter-output>
        </test-method> <!-- beforeClass -->
        <test-method signature="testC03()[pri:0, instance:TestTest3@131276c2]" started-at="2025-05-20T17:03:19Z" name="testC03" finished-at="2025-05-20T17:03:19Z" duration-ms="1" status="PASS">
          <reporter-output>
          </reporter-output>
        </test-method> <!-- testC03 -->
        <test-method is-config="true" signature="beforeMethod()[pri:0, instance:TestTest3@131276c2]" started-at="2025-05-20T17:03:19Z" name="beforeMethod" finished-at="2025-05-20T17:03:19Z" duration-ms="0" status="PASS">
          <reporter-output>
          </reporter-output>
        </test-method> <!-- beforeMethod -->
        <test-method is-config="true" signature="beforeMethod()[pri:0, instance:TestTest3@131276c2]" started-at="2025-05-20T17:03:19Z" name="beforeMethod" finished-at="2025-05-20T17:03:19Z" duration-ms="1" status="PASS">
          <reporter-output>
          </reporter-output>
        </test-method> <!-- beforeMethod -->
        <test-method is-config="true" signature="afterMethod()[pri:0, instance:TestTest3@131276c2]" started-at="2025-05-20T17:03:19Z" name="afterMethod" finished-at="2025-05-20T17:03:19Z" duration-ms="0" status="PASS">
          <reporter-output>
          </reporter-output>
        </test-method> <!-- afterMethod -->
        <test-method signature="testC04()[pri:0, instance:TestTest3@131276c2]" started-at="2025-05-20T17:03:19Z" name="testC04" finished-at="2025-05-20T17:03:19Z" duration-ms="0" status="PASS">
          <reporter-output>
          </reporter-output>
        </test-method> <!-- testC04 -->
        <test-method is-config="true" signature="afterMethod()[pri:0, instance:TestTest3@131276c2]" started-at="2025-05-20T17:03:19Z" name="afterMethod" finished-at="2025-05-20T17:03:19Z" duration-ms="0" status="PASS">
          <reporter-output>
          </reporter-output>
        </test-method> <!-- afterMethod -->
        <test-method signature="testC05()[pri:0, instance:TestTest3@131276c2]" started-at="2025-05-20T17:03:19Z" name="testC05" finished-at="2025-05-20T17:03:19Z" duration-ms="1" status="PASS">
          <reporter-output>
          </reporter-output>
        </test-method> <!-- testC05 -->
        <test-method is-config="true" signature="beforeMethod()[pri:0, instance:TestTest3@131276c2]" started-at="2025-05-20T17:03:19Z" name="beforeMethod" finished-at="2025-05-20T17:03:19Z" duration-ms="0" status="PASS">
          <reporter-output>
          </reporter-output>
        </test-method> <!-- beforeMethod -->
        <test-method is-config="true" signature="afterClass()[pri:0, instance:TestTest3@131276c2]" started-at="2025-05-20T17:03:19Z" name="afterClass" finished-at="2025-05-20T17:03:19Z" duration-ms="0" status="PASS">
          <reporter-output>
          </reporter-output>
        </test-method> <!-- afterClass -->
        <test-method is-config="true" signature="afterGroups()[pri:0, instance:TestTest3@131276c2]" started-at="2025-05-20T17:03:19Z" name="afterGroups" finished-at="2025-05-20T17:03:19Z" duration-ms="0" status="PASS">
          <reporter-output>
          </reporter-output>
        </test-method> <!-- afterGroups -->
        <test-method is-config="true" signature="afterMethod()[pri:0, instance:TestTest3@131276c2]" started-at="2025-05-20T17:03:19Z" name="afterMethod" finished-at="2025-05-20T17:03:19Z" duration-ms="0" status="PASS">
          <reporter-output>
          </reporter-output>
        </test-method> <!-- afterMethod -->
      </class> <!-- TestTest3 -->
      <class name="TestTest4">
        <test-method is-config="true" signature="beforeClass()[pri:0, instance:TestTest4@26aa12dd]" started-at="2025-05-20T17:03:19Z" name="beforeClass" finished-at="2025-05-20T17:03:19Z" duration-ms="0" status="PASS">
          <reporter-output>
          </reporter-output>
        </test-method> <!-- beforeClass -->
        <test-method signature="testD03()[pri:0, instance:TestTest4@26aa12dd]" started-at="2025-05-20T17:03:19Z" name="testD03" finished-at="2025-05-20T17:03:19Z" duration-ms="1" status="PASS">
          <reporter-output>
          </reporter-output>
        </test-method> <!-- testD03 -->
        <test-method is-config="true" signature="beforeMethod()[pri:0, instance:TestTest4@26aa12dd]" started-at="2025-05-20T17:03:19Z" name="beforeMethod" finished-at="2025-05-20T17:03:19Z" duration-ms="0" status="PASS">
          <reporter-output>
          </reporter-output>
        </test-method> <!-- beforeMethod -->
        <test-method is-config="true" signature="afterMethod()[pri:0, instance:TestTest4@26aa12dd]" started-at="2025-05-20T17:03:19Z" name="afterMethod" finished-at="2025-05-20T17:03:19Z" duration-ms="0" status="PASS">
          <reporter-output>
          </reporter-output>
        </test-method> <!-- afterMethod -->
        <test-method is-config="true" signature="beforeMethod()[pri:0, instance:TestTest4@26aa12dd]" started-at="2025-05-20T17:03:19Z" name="beforeMethod" finished-at="2025-05-20T17:03:19Z" duration-ms="0" status="PASS">
          <reporter-output>
          </reporter-output>
        </test-method> <!-- beforeMethod -->
        <test-method signature="testD05()[pri:0, instance:TestTest4@26aa12dd]" started-at="2025-05-20T17:03:19Z" name="testD05" finished-at="2025-05-20T17:03:19Z" duration-ms="1" status="PASS">
          <reporter-output>
          </reporter-output>
        </test-method> <!-- testD05 -->
        <test-method is-config="true" signature="beforeMethod()[pri:0, instance:TestTest4@26aa12dd]" started-at="2025-05-20T17:03:19Z" name="beforeMethod" finished-at="2025-05-20T17:03:19Z" duration-ms="0" status="PASS">
          <reporter-output>
          </reporter-output>
        </test-method> <!-- beforeMethod -->
        <test-method is-config="true" signature="afterMethod()[pri:0, instance:TestTest4@26aa12dd]" started-at="2025-05-20T17:03:19Z" name="afterMethod" finished-at="2025-05-20T17:03:19Z" duration-ms="0" status="PASS">
          <reporter-output>
          </reporter-output>
        </test-method> <!-- afterMethod -->
        <test-method signature="testD04()[pri:0, instance:TestTest4@26aa12dd]" started-at="2025-05-20T17:03:19Z" name="testD04" finished-at="2025-05-20T17:03:19Z" duration-ms="0" status="PASS">
          <reporter-output>
          </reporter-output>
        </test-method> <!-- testD04 -->
        <test-method is-config="true" signature="afterMethod()[pri:0, instance:TestTest4@26aa12dd]" started-at="2025-05-20T17:03:19Z" name="afterMethod" finished-at="2025-05-20T17:03:19Z" duration-ms="0" status="PASS">
          <reporter-output>
          </reporter-output>
        </test-method> <!-- afterMethod -->
        <test-method is-config="true" signature="afterClass()[pri:0, instance:TestTest4@26aa12dd]" started-at="2025-05-20T17:03:19Z" name="afterClass" finished-at="2025-05-20T17:03:19Z" duration-ms="1" status="PASS">
          <reporter-output>
          </reporter-output>
        </test-method> <!-- afterClass -->
        <test-method is-config="true" signature="afterGroups()[pri:0, instance:TestTest4@26aa12dd]" started-at="2025-05-20T17:03:19Z" name="afterGroups" finished-at="2025-05-20T17:03:19Z" duration-ms="1" status="PASS">
          <reporter-output>
          </reporter-output>
        </test-method> <!-- afterGroups -->
        <test-method is-config="true" signature="afterGroups()[pri:0, instance:TestTest3@131276c2]" started-at="2025-05-20T17:03:19Z" name="afterGroups" finished-at="2025-05-20T17:03:19Z" duration-ms="0" status="PASS">
          <reporter-output>
          </reporter-output>
        </test-method> <!-- afterGroups -->
        <test-method is-config="true" signature="afterGroups()[pri:0, instance:TestTest@1c3a4799]" started-at="2025-05-20T17:03:19Z" name="afterGroups" finished-at="2025-05-20T17:03:19Z" duration-ms="0" status="PASS">
          <reporter-output>
          </reporter-output>
        </test-method> <!-- afterGroups -->
      </class> <!-- TestTest4 -->
      <class name="TestTest">
        <test-method is-config="true" signature="beforeSuite()[pri:0, instance:TestTest@1c3a4799]" started-at="2025-05-20T17:03:19Z" name="beforeSuite" finished-at="2025-05-20T17:03:19Z" duration-ms="7" status="PASS">
          <reporter-output>
          </reporter-output>
        </test-method> <!-- beforeSuite -->
        <test-method is-config="true" signature="beforeSuite()[pri:0, instance:TestTest3@131276c2]" started-at="2025-05-20T17:03:19Z" name="beforeSuite" finished-at="2025-05-20T17:03:19Z" duration-ms="1" status="PASS">
          <reporter-output>
          </reporter-output>
        </test-method> <!-- beforeSuite -->
        <test-method is-config="true" signature="beforeTest()[pri:0, instance:TestTest3@131276c2]" started-at="2025-05-20T17:03:19Z" name="beforeTest" finished-at="2025-05-20T17:03:19Z" duration-ms="0" status="PASS">
          <reporter-output>
          </reporter-output>
        </test-method> <!-- beforeTest -->
        <test-method is-config="true" signature="beforeTest()[pri:0, instance:TestTest4@26aa12dd]" started-at="2025-05-20T17:03:19Z" name="beforeTest" finished-at="2025-05-20T17:03:19Z" duration-ms="1" status="PASS">
          <reporter-output>
          </reporter-output>
        </test-method> <!-- beforeTest -->
        <test-method is-config="true" signature="beforeTest()[pri:0, instance:TestTest@1c3a4799]" started-at="2025-05-20T17:03:19Z" name="beforeTest" finished-at="2025-05-20T17:03:19Z" duration-ms="0" status="PASS">
          <reporter-output>
          </reporter-output>
        </test-method> <!-- beforeTest -->
        <test-method is-config="true" signature="beforeClass()[pri:0, instance:TestTest@1c3a4799]" started-at="2025-05-20T17:03:19Z" name="beforeClass" finished-at="2025-05-20T17:03:19Z" duration-ms="0" status="PASS">
          <reporter-output>
          </reporter-output>
        </test-method> <!-- beforeClass -->
        <test-method is-config="true" signature="beforeGroups()[pri:0, instance:TestTest4@26aa12dd]" started-at="2025-05-20T17:03:19Z" name="beforeGroups" finished-at="2025-05-20T17:03:19Z" duration-ms="1" status="PASS">
          <reporter-output>
          </reporter-output>
        </test-method> <!-- beforeGroups -->
        <test-method is-config="true" signature="beforeGroups()[pri:0, instance:TestTest@1c3a4799]" started-at="2025-05-20T17:03:19Z" name="beforeGroups" finished-at="2025-05-20T17:03:19Z" duration-ms="0" status="PASS">
          <reporter-output>
          </reporter-output>
        </test-method> <!-- beforeGroups -->
        <test-method signature="test1()[pri:0, instance:TestTest@1c3a4799]" started-at="2025-05-20T17:03:19Z" name="test1" finished-at="2025-05-20T17:03:19Z" duration-ms="2" status="PASS">
          <reporter-output>
          </reporter-output>
        </test-method> <!-- test1 -->
        <test-method is-config="true" signature="beforeGroups()[pri:0, instance:TestTest3@131276c2]" started-at="2025-05-20T17:03:19Z" name="beforeGroups" finished-at="2025-05-20T17:03:19Z" duration-ms="0" status="PASS">
          <reporter-output>
          </reporter-output>
        </test-method> <!-- beforeGroups -->
        <test-method is-config="true" signature="beforeMethod()[pri:0, instance:TestTest@1c3a4799]" started-at="2025-05-20T17:03:19Z" name="beforeMethod" finished-at="2025-05-20T17:03:19Z" duration-ms="0" status="PASS">
          <reporter-output>
          </reporter-output>
        </test-method> <!-- beforeMethod -->
        <test-method signature="test11()[pri:0, instance:TestTest@1c3a4799]" started-at="2025-05-20T17:03:19Z" name="test11" finished-at="2025-05-20T17:03:19Z" duration-ms="1" status="PASS">
          <reporter-output>
          </reporter-output>
        </test-method> <!-- test11 -->
        <test-method is-config="true" signature="afterMethod()[pri:0, instance:TestTest@1c3a4799]" started-at="2025-05-20T17:03:19Z" name="afterMethod" finished-at="2025-05-20T17:03:19Z" duration-ms="0" status="PASS">
          <reporter-output>
          </reporter-output>
        </test-method> <!-- afterMethod -->
        <test-method is-config="true" signature="beforeMethod()[pri:0, instance:TestTest@1c3a4799]" started-at="2025-05-20T17:03:19Z" name="beforeMethod" finished-at="2025-05-20T17:03:19Z" duration-ms="0" status="PASS">
          <reporter-output>
          </reporter-output>
        </test-method> <!-- beforeMethod -->
        <test-method is-config="true" signature="beforeMethod()[pri:0, instance:TestTest@1c3a4799]" started-at="2025-05-20T17:03:19Z" name="beforeMethod" finished-at="2025-05-20T17:03:19Z" duration-ms="0" status="PASS">
          <reporter-output>
          </reporter-output>
        </test-method> <!-- beforeMethod -->
        <test-method is-config="true" signature="afterMethod()[pri:0, instance:TestTest@1c3a4799]" started-at="2025-05-20T17:03:19Z" name="afterMethod" finished-at="2025-05-20T17:03:19Z" duration-ms="0" status="PASS">
          <reporter-output>
          </reporter-output>
        </test-method> <!-- afterMethod -->
        <test-method is-config="true" signature="afterMethod()[pri:0, instance:TestTest@1c3a4799]" started-at="2025-05-20T17:03:19Z" name="afterMethod" finished-at="2025-05-20T17:03:19Z" duration-ms="1" status="PASS">
          <reporter-output>
          </reporter-output>
        </test-method> <!-- afterMethod -->
        <test-method signature="test2()[pri:0, instance:TestTest@1c3a4799]" started-at="2025-05-20T17:03:19Z" name="test2" finished-at="2025-05-20T17:03:19Z" duration-ms="0" status="PASS">
          <reporter-output>
          </reporter-output>
        </test-method> <!-- test2 -->
        <test-method is-config="true" signature="afterClass()[pri:0, instance:TestTest@1c3a4799]" started-at="2025-05-20T17:03:19Z" name="afterClass" finished-at="2025-05-20T17:03:19Z" duration-ms="0" status="PASS">
          <reporter-output>
          </reporter-output>
        </test-method> <!-- afterClass -->
        <test-method is-config="true" signature="afterTest()[pri:0, instance:TestTest@1c3a4799]" started-at="2025-05-20T17:03:19Z" name="afterTest" finished-at="2025-05-20T17:03:19Z" duration-ms="0" status="PASS">
          <reporter-output>
          </reporter-output>
        </test-method> <!-- afterTest -->
        <test-method is-config="true" signature="afterTest()[pri:0, instance:TestTest3@131276c2]" started-at="2025-05-20T17:03:19Z" name="afterTest" finished-at="2025-05-20T17:03:19Z" duration-ms="1" status="PASS">
          <reporter-output>
          </reporter-output>
        </test-method> <!-- afterTest -->
        <test-method is-config="true" signature="afterTest()[pri:0, instance:TestTest4@26aa12dd]" started-at="2025-05-20T17:03:19Z" name="afterTest" finished-at="2025-05-20T17:03:19Z" duration-ms="0" status="PASS">
          <reporter-output>
          </reporter-output>
        </test-method> <!-- afterTest -->
        <test-method is-config="true" signature="afterSuite()[pri:0, instance:TestTest@1c3a4799]" started-at="2025-05-20T17:03:24Z" name="afterSuite" finished-at="2025-05-20T17:03:24Z" duration-ms="1" status="PASS">
          <reporter-output>
          </reporter-output>
        </test-method> <!-- afterSuite -->
        <test-method is-config="true" signature="afterSuite()[pri:0, instance:TestTest3@131276c2]" started-at="2025-05-20T17:03:24Z" name="afterSuite" finished-at="2025-05-20T17:03:24Z" duration-ms="0" status="PASS">
          <reporter-output>
          </reporter-output>
        </test-method> <!-- afterSuite -->
      </class> <!-- TestTest -->
    </test> <!-- Command line test -->
  </suite> <!-- Command line suite -->
</testng-results>
