<?xml version="1.0" encoding="UTF-8" ?>
<testsuite tests="9" failures="0" name="TestSuite" time="0.005" errors="0" skipped="0">
  <properties>
[...]
</properties>
  <testcase classname="TestTest" name="test1" time="0.003"/>
  <testcase classname="TestTest" name="test11" time="0"/>
  <testcase classname="TestTest" name="test2" time="0.001"/>
  <testcase classname="TestTest4" name="testD03" time="0"/>
  <testcase classname="TestTest4" name="testD04" time="0"/>
  <testcase classname="TestTest4" name="testD05" time="0.001"/>
  <testcase classname="TestTest3" name="testC03" time="0"/>
  <testcase classname="TestTest3" name="testC04" time="0"/>
  <testcase classname="TestTest3" name="testC05" time="0"/>
</testsuite>